<?xml version="1.0" encoding="UTF-8"?>
<testsuite xmlns:xsi="http://www.w3.org/2001/XMLSchema-instance" xsi:noNamespaceSchemaLocation="https://maven.apache.org/surefire/maven-surefire-plugin/xsd/surefire-test-report.xsd" name="com.purbon.kafka.policy.KafkaPolicyEngineTest" time="0.215" tests="2" errors="0" skipped="0" failures="0">
  <properties>
[...]
</properties>
  <testcase name="shouldRaiseAnExceptionForInvalid" classname="com.purbon.kafka.policy.KafkaPolicyEngineTest" time="0.175"/>
  <testcase name="shouldParseRulesSuccessfully" classname="com.purbon.kafka.policy.KafkaPolicyEngineTest" time="0.034"/>
</testsuite>